<?xml version="1.0" encoding="UTF-8"?>
<!-- Generated by org.testng.reporters.JUnitReportReporter -->
<testsuite hostname="SHARAN47" failures="0" tests="1" name="runner.Runnerio" time="29.344" errors="0" timestamp="04 May 2022 12:33:31 GMT" skipped="0">
  <testcase classname="runner.Runnerio" name="runScenario" time="29.344"/>
</testsuite> <!-- runner.Runnerio -->
